android/app/build/intermediates/manifest_merge_blame_file/debug/manifest-merger-blame-debug-report.txt
1<?xml version="1.0" encoding="utf-8"?>
2<manifest xmlns:android="http://schemas.android.com/apk/res/android"
3    package="com.bookstoreapp"
4    android:versionCode="1"
5    android:versionName="1.0" >
6
7    <uses-sdk
8        android:minSdkVersion="21"
9        android:targetSdkVersion="29" />
10
11    <uses-permission android:name="android.permission.SYSTEM_ALERT_WINDOW" />
11-->src\debug\AndroidManifest.xml:5:5-77
11-->src\debug\AndroidManifest.xml:5:22-75
12    <uses-permission android:name="android.permission.INTERNET" />
12-->src\main\AndroidManifest.xml:4:5-67
12-->src\main\AndroidManifest.xml:4:22-64
13    <uses-permission android:name="android.permission.ACCESS_WIFI_STATE" />
13-->[com.facebook.flipper:flipper:0.54.0] AndroidManifest.xml:16:5-76
13-->[com.facebook.flipper:flipper:0.54.0] AndroidManifest.xml:16:22-73
14    <uses-permission android:name="android.permission.WAKE_LOCK" />
14-->[:react-native-firebase_auth] AndroidManifest.xml:12:5-68
14-->[:react-native-firebase_auth] AndroidManifest.xml:12:22-65
15    <uses-permission android:name="android.permission.ACCESS_NETWORK_STATE" />
15-->[:react-native-firebase_auth] AndroidManifest.xml:13:5-79
15-->[:react-native-firebase_auth] AndroidManifest.xml:13:22-76
16    <uses-permission android:name="android.permission.RECORD_AUDIO" />
16-->[com.pspdfkit:pspdfkit:8.1.2] AndroidManifest.xml:22:5-71
16-->[com.pspdfkit:pspdfkit:8.1.2] AndroidManifest.xml:22:22-68
17    <uses-permission
17-->[com.pspdfkit:pspdfkit:8.1.2] AndroidManifest.xml:23:5-26:40
18        android:name="android.permission.WRITE_EXTERNAL_STORAGE"
18-->[com.pspdfkit:pspdfkit:8.1.2] AndroidManifest.xml:24:9-65
19        android:maxSdkVersion="28" />
19-->[com.pspdfkit:pspdfkit:8.1.2] AndroidManifest.xml:25:9-35
20    <uses-permission android:name="android.permission.READ_EXTERNAL_STORAGE" />
20-->[com.pspdfkit:pspdfkit:8.1.2] AndroidManifest.xml:27:5-80
20-->[com.pspdfkit:pspdfkit:8.1.2] AndroidManifest.xml:27:22-77
21
22    <application
22-->src\main\AndroidManifest.xml:6:5-25:19
23        android:name="com.bookstoreapp.MainApplication"
23-->src\main\AndroidManifest.xml:7:7-38
24        android:allowBackup="false"
24-->src\main\AndroidManifest.xml:11:7-34
25        android:allowNativeHeapPointerTagging="false"
25-->[com.pspdfkit:pspdfkit:8.1.2] AndroidManifest.xml:30:9-54
26        android:appComponentFactory="androidx.core.app.CoreComponentFactory"
26-->[androidx.core:core:1.7.0] AndroidManifest.xml:24:18-86
27        android:debuggable="true"
28        android:icon="@mipmap/ic_launcher"
28-->src\main\AndroidManifest.xml:9:7-41
29        android:label="@string/app_name"
29-->src\main\AndroidManifest.xml:8:7-39
30        android:largeHeap="true"
30-->[com.pspdfkit:pspdfkit:8.1.2] AndroidManifest.xml:31:9-33
31        android:roundIcon="@mipmap/ic_launcher_round"
31-->src\main\AndroidManifest.xml:10:7-52
32        android:theme="@style/AppTheme"
32-->src\main\AndroidManifest.xml:12:7-38
33        android:usesCleartextTraffic="true" >
33-->src\debug\AndroidManifest.xml:7:18-53
34        <activity
34-->src\main\AndroidManifest.xml:13:7-23:18
35            android:name="com.bookstoreapp.MainActivity"
35-->src\main\AndroidManifest.xml:14:9-37
36            android:configChanges="keyboard|keyboardHidden|orientation|screenSize|uiMode"
36-->src\main\AndroidManifest.xml:16:9-86
37            android:label="@string/app_name"
37-->src\main\AndroidManifest.xml:15:9-41
38            android:launchMode="singleTask"
38-->src\main\AndroidManifest.xml:17:9-40
39            android:windowSoftInputMode="adjustResize" >
39-->src\main\AndroidManifest.xml:18:9-51
40            <intent-filter>
40-->src\main\AndroidManifest.xml:19:9-22:25
41                <action android:name="android.intent.action.MAIN" />
41-->src\main\AndroidManifest.xml:20:13-65
41-->src\main\AndroidManifest.xml:20:21-62
42
43                <category android:name="android.intent.category.LAUNCHER" />
43-->src\main\AndroidManifest.xml:21:13-73
43-->src\main\AndroidManifest.xml:21:23-70
44            </intent-filter>
45        </activity>
46        <activity android:name="com.facebook.react.devsupport.DevSettingsActivity" />
46-->src\main\AndroidManifest.xml:24:7-84
46-->src\main\AndroidManifest.xml:24:17-81
47
48        <meta-data
48-->[:react-native-firebase_app] AndroidManifest.xml:12:9-14:36
49            android:name="app_data_collection_default_enabled"
49-->[:react-native-firebase_app] AndroidManifest.xml:13:13-63
50            android:value="true" />
50-->[:react-native-firebase_app] AndroidManifest.xml:14:13-33
51
52        <service
52-->[:react-native-firebase_app] AndroidManifest.xml:16:9-20:19
53            android:name="com.google.firebase.components.ComponentDiscoveryService"
53-->[:react-native-firebase_app] AndroidManifest.xml:16:18-89
54            android:directBootAware="true"
54-->[com.google.firebase:firebase-common:20.0.0] AndroidManifest.xml:35:13-43
55            android:exported="false" >
55-->[com.google.firebase:firebase-auth:21.0.1] AndroidManifest.xml:76:13-37
56            <meta-data
56-->[:react-native-firebase_app] AndroidManifest.xml:17:13-19:85
57                android:name="com.google.firebase.components:io.invertase.firebase.app.ReactNativeFirebaseAppRegistrar"
57-->[:react-native-firebase_app] AndroidManifest.xml:18:17-120
58                android:value="com.google.firebase.components.ComponentRegistrar" />
58-->[:react-native-firebase_app] AndroidManifest.xml:19:17-82
59            <meta-data
59-->[com.google.firebase:firebase-auth:21.0.1] AndroidManifest.xml:77:13-79:85
60                android:name="com.google.firebase.components:com.google.firebase.auth.FirebaseAuthRegistrar"
60-->[com.google.firebase:firebase-auth:21.0.1] AndroidManifest.xml:78:17-109
61                android:value="com.google.firebase.components.ComponentRegistrar" />
61-->[com.google.firebase:firebase-auth:21.0.1] AndroidManifest.xml:79:17-82
62        </service>
63
64        <provider
64-->[:react-native-firebase_app] AndroidManifest.xml:22:9-26:38
65            android:name="io.invertase.firebase.app.ReactNativeFirebaseAppInitProvider"
65-->[:react-native-firebase_app] AndroidManifest.xml:23:13-88
66            android:authorities="com.bookstoreapp.reactnativefirebaseappinitprovider"
66-->[:react-native-firebase_app] AndroidManifest.xml:24:13-86
67            android:exported="false"
67-->[:react-native-firebase_app] AndroidManifest.xml:25:13-37
68            android:initOrder="99" />
68-->[:react-native-firebase_app] AndroidManifest.xml:26:13-35
69
70        <activity
70-->[:react-native-pspdfkit] AndroidManifest.xml:27:9-29:59
71            android:name="com.pspdfkit.ui.PdfActivity"
71-->[:react-native-pspdfkit] AndroidManifest.xml:28:13-55
72            android:windowSoftInputMode="adjustNothing" />
72-->[:react-native-pspdfkit] AndroidManifest.xml:29:13-56
73        <activity
73-->[:react-native-pspdfkit] AndroidManifest.xml:30:9-32:59
74            android:name="com.pspdfkit.instant.ui.InstantPdfActivity"
74-->[:react-native-pspdfkit] AndroidManifest.xml:31:13-70
75            android:windowSoftInputMode="adjustNothing" />
75-->[:react-native-pspdfkit] AndroidManifest.xml:32:13-56
76
77        <provider
77-->[:react-native-share] AndroidManifest.xml:10:9-18:20
78            android:name="cl.json.RNShareFileProvider"
78-->[:react-native-share] AndroidManifest.xml:11:13-55
79            android:authorities="com.bookstoreapp.rnshare.fileprovider"
79-->[:react-native-share] AndroidManifest.xml:12:13-72
80            android:exported="false"
80-->[:react-native-share] AndroidManifest.xml:13:13-37
81            android:grantUriPermissions="true" >
81-->[:react-native-share] AndroidManifest.xml:14:13-47
82            <meta-data
82-->[:react-native-share] AndroidManifest.xml:15:13-17:64
83                android:name="android.support.FILE_PROVIDER_PATHS"
83-->[:react-native-share] AndroidManifest.xml:16:17-67
84                android:resource="@xml/share_download_paths" />
84-->[:react-native-share] AndroidManifest.xml:17:17-61
85        </provider> <!-- Printing pdf documents -->
86        <activity
86-->[com.pspdfkit:pspdfkit:8.1.2] AndroidManifest.xml:34:9-38:40
87            android:name="com.pspdfkit.document.printing.PrintActivity"
87-->[com.pspdfkit:pspdfkit:8.1.2] AndroidManifest.xml:35:13-72
88            android:configChanges="orientation|screenSize"
88-->[com.pspdfkit:pspdfkit:8.1.2] AndroidManifest.xml:36:13-59
89            android:excludeFromRecents="true"
89-->[com.pspdfkit:pspdfkit:8.1.2] AndroidManifest.xml:37:13-46
90            android:exported="false" /> <!-- Content provider used for initializing the library. -->
90-->[com.pspdfkit:pspdfkit:8.1.2] AndroidManifest.xml:38:13-37
91        <provider
91-->[com.pspdfkit:pspdfkit:8.1.2] AndroidManifest.xml:41:9-44:40
92            android:name="com.pspdfkit.PSPDFKitInitializationProvider"
92-->[com.pspdfkit:pspdfkit:8.1.2] AndroidManifest.xml:42:13-71
93            android:authorities="com.bookstoreapp.com.pspdfkit.PSPDFKitInitializationProvider"
93-->[com.pspdfkit:pspdfkit:8.1.2] AndroidManifest.xml:43:13-95
94            android:exported="false" />
94-->[com.pspdfkit:pspdfkit:8.1.2] AndroidManifest.xml:44:13-37
95        <provider
95-->[com.pspdfkit:pspdfkit:8.1.2] AndroidManifest.xml:45:9-48:40
96            android:name="com.pspdfkit.media.AssetsContentProvider"
96-->[com.pspdfkit:pspdfkit:8.1.2] AndroidManifest.xml:46:13-68
97            android:authorities="com.bookstoreapp.pdf.assets"
97-->[com.pspdfkit:pspdfkit:8.1.2] AndroidManifest.xml:47:13-62
98            android:exported="false" />
98-->[com.pspdfkit:pspdfkit:8.1.2] AndroidManifest.xml:48:13-37
99        <provider
99-->[com.pspdfkit:pspdfkit:8.1.2] AndroidManifest.xml:49:9-54:54
100            android:name="com.pspdfkit.document.sharing.DocumentSharingProvider"
100-->[com.pspdfkit:pspdfkit:8.1.2] AndroidManifest.xml:50:13-81
101            android:authorities="com.bookstoreapp.pdf.share"
101-->[com.pspdfkit:pspdfkit:8.1.2] AndroidManifest.xml:51:13-61
102            android:exported="true"
102-->[com.pspdfkit:pspdfkit:8.1.2] AndroidManifest.xml:52:13-36
103            android:grantUriPermissions="true" />
103-->[com.pspdfkit:pspdfkit:8.1.2] AndroidManifest.xml:53:13-47
104
105        <activity
105-->[com.google.firebase:firebase-auth:21.0.1] AndroidManifest.xml:27:9-44:20
106            android:name="com.google.firebase.auth.internal.GenericIdpActivity"
106-->[com.google.firebase:firebase-auth:21.0.1] AndroidManifest.xml:28:13-80
107            android:excludeFromRecents="true"
107-->[com.google.firebase:firebase-auth:21.0.1] AndroidManifest.xml:29:13-46
108            android:exported="true"
108-->[com.google.firebase:firebase-auth:21.0.1] AndroidManifest.xml:30:13-36
109            android:launchMode="singleTask"
109-->[com.google.firebase:firebase-auth:21.0.1] AndroidManifest.xml:31:13-44
110            android:theme="@android:style/Theme.Translucent.NoTitleBar" >
110-->[com.google.firebase:firebase-auth:21.0.1] AndroidManifest.xml:32:13-72
111            <intent-filter>
111-->[com.google.firebase:firebase-auth:21.0.1] AndroidManifest.xml:33:13-43:29
112                <action android:name="android.intent.action.VIEW" />
112-->[com.google.firebase:firebase-auth:21.0.1] AndroidManifest.xml:34:17-69
112-->[com.google.firebase:firebase-auth:21.0.1] AndroidManifest.xml:34:25-66
113
114                <category android:name="android.intent.category.DEFAULT" />
114-->[com.google.firebase:firebase-auth:21.0.1] AndroidManifest.xml:36:17-76
114-->[com.google.firebase:firebase-auth:21.0.1] AndroidManifest.xml:36:27-73
115                <category android:name="android.intent.category.BROWSABLE" />
115-->[com.google.firebase:firebase-auth:21.0.1] AndroidManifest.xml:37:17-78
115-->[com.google.firebase:firebase-auth:21.0.1] AndroidManifest.xml:37:27-75
116
117                <data
117-->[com.google.firebase:firebase-auth:21.0.1] AndroidManifest.xml:39:17-42:51
118                    android:host="firebase.auth"
118-->[com.google.firebase:firebase-auth:21.0.1] AndroidManifest.xml:40:21-49
119                    android:path="/"
119-->[com.google.firebase:firebase-auth:21.0.1] AndroidManifest.xml:41:21-37
120                    android:scheme="genericidp" />
120-->[com.google.firebase:firebase-auth:21.0.1] AndroidManifest.xml:42:21-48
121            </intent-filter>
122        </activity>
123        <activity
123-->[com.google.firebase:firebase-auth:21.0.1] AndroidManifest.xml:45:9-62:20
124            android:name="com.google.firebase.auth.internal.RecaptchaActivity"
124-->[com.google.firebase:firebase-auth:21.0.1] AndroidManifest.xml:46:13-79
125            android:excludeFromRecents="true"
125-->[com.google.firebase:firebase-auth:21.0.1] AndroidManifest.xml:47:13-46
126            android:exported="true"
126-->[com.google.firebase:firebase-auth:21.0.1] AndroidManifest.xml:48:13-36
127            android:launchMode="singleTask"
127-->[com.google.firebase:firebase-auth:21.0.1] AndroidManifest.xml:49:13-44
128            android:theme="@android:style/Theme.Translucent.NoTitleBar" >
128-->[com.google.firebase:firebase-auth:21.0.1] AndroidManifest.xml:50:13-72
129            <intent-filter>
129-->[com.google.firebase:firebase-auth:21.0.1] AndroidManifest.xml:51:13-61:29
130                <action android:name="android.intent.action.VIEW" />
130-->[com.google.firebase:firebase-auth:21.0.1] AndroidManifest.xml:34:17-69
130-->[com.google.firebase:firebase-auth:21.0.1] AndroidManifest.xml:34:25-66
131
132                <category android:name="android.intent.category.DEFAULT" />
132-->[com.google.firebase:firebase-auth:21.0.1] AndroidManifest.xml:36:17-76
132-->[com.google.firebase:firebase-auth:21.0.1] AndroidManifest.xml:36:27-73
133                <category android:name="android.intent.category.BROWSABLE" />
133-->[com.google.firebase:firebase-auth:21.0.1] AndroidManifest.xml:37:17-78
133-->[com.google.firebase:firebase-auth:21.0.1] AndroidManifest.xml:37:27-75
134
135                <data
135-->[com.google.firebase:firebase-auth:21.0.1] AndroidManifest.xml:39:17-42:51
136                    android:host="firebase.auth"
136-->[com.google.firebase:firebase-auth:21.0.1] AndroidManifest.xml:40:21-49
137                    android:path="/"
137-->[com.google.firebase:firebase-auth:21.0.1] AndroidManifest.xml:41:21-37
138                    android:scheme="recaptcha" />
138-->[com.google.firebase:firebase-auth:21.0.1] AndroidManifest.xml:42:21-48
139            </intent-filter>
140        </activity>
141
142        <service
142-->[com.google.firebase:firebase-auth:21.0.1] AndroidManifest.xml:64:9-73:19
143            android:name="com.google.firebase.auth.api.fallback.service.FirebaseAuthFallbackService"
143-->[com.google.firebase:firebase-auth:21.0.1] AndroidManifest.xml:65:13-101
144            android:enabled="true"
144-->[com.google.firebase:firebase-auth:21.0.1] AndroidManifest.xml:66:13-35
145            android:exported="false" >
145-->[com.google.firebase:firebase-auth:21.0.1] AndroidManifest.xml:67:13-37
146            <intent-filter>
146-->[com.google.firebase:firebase-auth:21.0.1] AndroidManifest.xml:68:13-72:29
147                <action android:name="com.google.firebase.auth.api.gms.service.START" />
147-->[com.google.firebase:firebase-auth:21.0.1] AndroidManifest.xml:69:17-89
147-->[com.google.firebase:firebase-auth:21.0.1] AndroidManifest.xml:69:25-86
148
149                <category android:name="android.intent.category.DEFAULT" />
149-->[com.google.firebase:firebase-auth:21.0.1] AndroidManifest.xml:36:17-76
149-->[com.google.firebase:firebase-auth:21.0.1] AndroidManifest.xml:36:27-73
150            </intent-filter>
151        </service>
152
153        <activity
153-->[com.google.android.gms:play-services-auth:20.1.0] AndroidManifest.xml:23:9-27:75
154            android:name="com.google.android.gms.auth.api.signin.internal.SignInHubActivity"
154-->[com.google.android.gms:play-services-auth:20.1.0] AndroidManifest.xml:24:13-93
155            android:excludeFromRecents="true"
155-->[com.google.android.gms:play-services-auth:20.1.0] AndroidManifest.xml:25:13-46
156            android:exported="false"
156-->[com.google.android.gms:play-services-auth:20.1.0] AndroidManifest.xml:26:13-37
157            android:theme="@android:style/Theme.Translucent.NoTitleBar" />
157-->[com.google.android.gms:play-services-auth:20.1.0] AndroidManifest.xml:27:13-72
158        <!--
159            Service handling Google Sign-In user revocation. For apps that do not integrate with
160            Google Sign-In, this service will never be started.
161        -->
162        <service
162-->[com.google.android.gms:play-services-auth:20.1.0] AndroidManifest.xml:33:9-37:51
163            android:name="com.google.android.gms.auth.api.signin.RevocationBoundService"
163-->[com.google.android.gms:play-services-auth:20.1.0] AndroidManifest.xml:34:13-89
164            android:exported="true"
164-->[com.google.android.gms:play-services-auth:20.1.0] AndroidManifest.xml:35:13-36
165            android:permission="com.google.android.gms.auth.api.signin.permission.REVOCATION_NOTIFICATION"
165-->[com.google.android.gms:play-services-auth:20.1.0] AndroidManifest.xml:36:13-107
166            android:visibleToInstantApps="true" />
166-->[com.google.android.gms:play-services-auth:20.1.0] AndroidManifest.xml:37:13-48
167
168        <activity
168-->[com.google.android.gms:play-services-base:18.0.1] AndroidManifest.xml:20:9-22:45
169            android:name="com.google.android.gms.common.api.GoogleApiActivity"
169-->[com.google.android.gms:play-services-base:18.0.1] AndroidManifest.xml:20:19-85
170            android:exported="false"
170-->[com.google.android.gms:play-services-base:18.0.1] AndroidManifest.xml:22:19-43
171            android:theme="@android:style/Theme.Translucent.NoTitleBar" />
171-->[com.google.android.gms:play-services-base:18.0.1] AndroidManifest.xml:21:19-78
172
173        <provider
173-->[com.google.firebase:firebase-common:20.0.0] AndroidManifest.xml:26:9-31:39
174            android:name="com.google.firebase.provider.FirebaseInitProvider"
174-->[com.google.firebase:firebase-common:20.0.0] AndroidManifest.xml:27:13-77
175            android:authorities="com.bookstoreapp.firebaseinitprovider"
175-->[com.google.firebase:firebase-common:20.0.0] AndroidManifest.xml:28:13-72
176            android:directBootAware="true"
176-->[com.google.firebase:firebase-common:20.0.0] AndroidManifest.xml:29:13-43
177            android:exported="false"
177-->[com.google.firebase:firebase-common:20.0.0] AndroidManifest.xml:30:13-37
178            android:initOrder="100" />
178-->[com.google.firebase:firebase-common:20.0.0] AndroidManifest.xml:31:13-36
179
180        <meta-data
180-->[com.google.android.gms:play-services-basement:18.0.0] AndroidManifest.xml:21:9-23:69
181            android:name="com.google.android.gms.version"
181-->[com.google.android.gms:play-services-basement:18.0.0] AndroidManifest.xml:22:13-58
182            android:value="@integer/google_play_services_version" />
182-->[com.google.android.gms:play-services-basement:18.0.0] AndroidManifest.xml:23:13-66
183
184        <provider
184-->[androidx.emoji2:emoji2:1.0.0] AndroidManifest.xml:26:9-34:20
185            android:name="androidx.startup.InitializationProvider"
185-->[androidx.emoji2:emoji2:1.0.0] AndroidManifest.xml:27:13-67
186            android:authorities="com.bookstoreapp.androidx-startup"
186-->[androidx.emoji2:emoji2:1.0.0] AndroidManifest.xml:28:13-68
187            android:exported="false" >
187-->[androidx.emoji2:emoji2:1.0.0] AndroidManifest.xml:29:13-37
188            <meta-data
188-->[androidx.emoji2:emoji2:1.0.0] AndroidManifest.xml:31:13-33:52
189                android:name="androidx.emoji2.text.EmojiCompatInitializer"
189-->[androidx.emoji2:emoji2:1.0.0] AndroidManifest.xml:32:17-75
190                android:value="androidx.startup" />
190-->[androidx.emoji2:emoji2:1.0.0] AndroidManifest.xml:33:17-49
191            <meta-data
191-->[androidx.lifecycle:lifecycle-process:2.4.0] AndroidManifest.xml:31:13-33:52
192                android:name="androidx.lifecycle.ProcessLifecycleInitializer"
192-->[androidx.lifecycle:lifecycle-process:2.4.0] AndroidManifest.xml:32:17-78
193                android:value="androidx.startup" />
193-->[androidx.lifecycle:lifecycle-process:2.4.0] AndroidManifest.xml:33:17-49
194        </provider>
195    </application>
196
197</manifest>